<?xml version="1.0" encoding="UTF-8"?>
<!-- Generated by org.testng.reporters.JUnitReportReporter -->
<testsuite hostname="DESKTOP-EQU5D95" failures="0" tests="1" name="Testng.ex_01" time="0.018" errors="0" timestamp="2022-06-22T15:15:32 IST" skipped="0">
  <testcase classname="Testng.ex_01" name="Tc1" time="0.018"/>
  <system-out>
    <![CDATA[running Tc1]]>
  </system-out>
</testsuite> <!-- Testng.ex_01 -->
