<?xml version="1.0" encoding="UTF-8"?>
<!-- Generated by org.testng.reporters.JUnitReportReporter -->
<testsuite hostname="DESKTOP-EQU5D95" failures="0" tests="7" name="Testng.ex_02" time="0.016" errors="0" timestamp="2022-06-22T22:49:42 IST" skipped="1">
  <testcase classname="Testng.ex_02" name="Tc3" time="0.001"/>
  <system-out>
    <![CDATA[running tC3]]>
  </system-out>
  <testcase classname="Testng.ex_02" name="Tc3" time="0.000"/>
  <system-out>
    <![CDATA[running tC3]]>
  </system-out>
  <testcase classname="Testng.ex_02" name="tc2" time="0.001"/>
  <system-out>
    <![CDATA[tc2 running ]]>
  </system-out>
  <testcase classname="Testng.ex_02" name="Tc1" time="0.013"/>
  <system-out>
    <![CDATA[running tC1]]>
  </system-out>
  <testcase classname="Testng.ex_02" name="Tc3" time="0.000"/>
  <system-out>
    <![CDATA[running tC3]]>
  </system-out>
  <testcase classname="Testng.ex_02" name="Tc4" time="0.001"/>
  <system-out>
    <![CDATA[running tC4]]>
  </system-out>
  <testcase classname="Testng.ex_02" name="Tc5">
    <skipped/>
  </testcase> <!-- Tc5 -->
  <system-out/>
</testsuite> <!-- Testng.ex_02 -->
